[INFO](4/2/2023@20:43:59) Msg from User: dfgdfgdfgdfdfgdfgd
[INFO](4/2/2023@20:43:59) Msg from Bot: Perhaps if you asked in code, Sherlock, I might have better luck understanding.
[INFO](4/2/2023@20:43:59) Msg from User: sdfsdfsds
[INFO](4/2/2023@20:43:59) Msg from Bot: I'm afraid I don't have that information, but I'm sure Mycroft might know, Holmes.
[INFO](4/2/2023@20:43:59) Msg from User: sdfsdfsdfsdf
[INFO](4/2/2023@20:43:59) Msg from Bot: Forgive me Sherlock, I'm afraid I'm not trained on that yet.
[INFO](4/2/2023@20:43:59) Msg from User: sdfsdfsdf
[INFO](4/2/2023@20:43:59) Msg from Bot: I'm afraid I'm not up to your usual standards on that one, Holmes.
[INFO](4/2/2023@20:43:59) Msg from User: sdfsdfdfsdf
[INFO](4/2/2023@20:43:59) Msg from Bot: I may be a machine, but I'm not a miracle worker, Sherlock.
[INFO](4/2/2023@20:43:59) Msg from User: hello
[INFO](4/2/2023@20:43:59) Msg from Bot: Greetings!
[INFO](4/2/2023@20:43:59) Msg from User: d
[INFO](4/2/2023@20:43:59) Msg from Bot: I'm afraid I don't have that information, but I'm sure Mycroft might know, Holmes.
[INFO](4/2/2023@20:43:59) Msg from User: d
[INFO](4/2/2023@20:43:59) Msg from Bot: I seem to be having a bit of trouble with that one, Holmes. Perhaps you could try rephrasing?
[INFO](4/2/2023@20:43:59) Msg from User: start
[INFO](4/2/2023@20:43:59) Msg from Bot: Sherlock, we've been waiting for you! Old Macdonald's wife has gone missing and we need your help to find her. He believes that the animals on his farm may have some information about her whereabouts. We have reason to believe that she left the farm in the early morning, and no one has seen her since.
[INFO](4/2/2023@20:43:59) Msg from User: start
[INFO](4/2/2023@20:43:59) Msg from Bot: Sherlock, we've been waiting for you! Old Macdonald's wife has gone missing and we need your help to find her. He believes that the animals on his farm may have some information about her whereabouts. We have reason to believe that she left the farm in the early morning, and no one has seen her since.
[INFO](4/2/2023@20:43:59) Msg from User: start
[INFO](4/2/2023@20:43:59) Msg from Bot: Sherlock, we've been waiting for you! Old Macdonald's wife has gone missing and we need your help to find her. He believes that the animals on his farm may have some information about her whereabouts. We have reason to believe that she left the farm in the early morning, and no one has seen her since.
[INFO](4/2/2023@20:43:59) Msg from User: start
[INFO](4/2/2023@20:43:59) Msg from Bot: Sherlock, we've been waiting for you! Old Macdonald's wife has gone missing and we need your help to find her. He believes that the animals on his farm may have some information about her whereabouts. We have reason to believe that she left the farm in the early morning, and no one has seen her since.
[INFO](4/2/2023@20:43:59) Msg from User: start
[INFO](4/2/2023@20:43:59) Msg from Bot: Sherlock, we've been waiting for you! Old Macdonald's wife has gone missing and we need your help to find her. He believes that the animals on his farm may have some information about her whereabouts. We have reason to believe that she left the farm in the early morning, and no one has seen her since.
[INFO](4/2/2023@20:43:59) Msg from User: ddd
[INFO](4/2/2023@20:43:59) Msg from Bot: Forgive me Holmes, I'm afraid I'm not trained on that yet.
[INFO](4/2/2023@20:43:59) Msg from User: asdad
[INFO](4/2/2023@20:43:59) Msg from Bot: I'm sorry, Holmes. It seems I don't have a solution for that just yet.
[INFO](4/2/2023@20:43:59) Msg from User: asdasd
[INFO](4/2/2023@20:43:59) Msg from Bot: Let me see... I'm sorry, it seems I've hit a dead end on this one, Sherlock.
[INFO](4/2/2023@20:43:59) Msg from User: asdsad
[INFO](4/2/2023@20:43:59) Msg from Bot: This one appears to be beyond even my abilities, Holmes.
[INFO](4/2/2023@20:43:59) Msg from User: asdasd
[INFO](4/2/2023@20:43:59) Msg from Bot: I'm afraid I'm not up to your usual standards on that one, Holmes.
[INFO](4/2/2023@20:43:59) Msg from User: asdasd
[INFO](4/2/2023@20:43:59) Msg from Bot: I'm sorry, Holmes. It seems I don't have a solution for that just yet.
[INFO](4/2/2023@20:43:59) Msg from User: sdfsdf
[INFO](4/2/2023@20:43:59) Msg from Bot: This one appears to be beyond even my abilities, Sherlock.
[INFO](4/2/2023@20:43:59) Msg from User: start
[INFO](4/2/2023@20:43:59) Msg from Bot: Sherlock, we've been waiting for you! Old Macdonald's wife has gone missing and we need your help to find her. He believes that the animals on his farm may have some information about her whereabouts. We have reason to believe that she left the farm in the early morning, and no one has seen her since.
[INFO](4/2/2023@20:43:59) Msg from User: start
[INFO](4/2/2023@20:43:59) Msg from Bot: Sherlock, we've been waiting for you! Old Macdonald's wife has gone missing and we need your help to find her. He believes that the animals on his farm may have some information about her whereabouts. We have reason to believe that she left the farm in the early morning, and no one has seen her since.
[INFO](4/2/2023@20:43:59) Msg from User: start
[INFO](4/2/2023@20:43:59) Msg from Bot: Sherlock, we've been waiting for you! Old Macdonald's wife has gone missing and we need your help to find her. He believes that the animals on his farm may have some information about her whereabouts. We have reason to believe that she left the farm in the early morning, and no one has seen her since.
[INFO](4/2/2023@20:43:59) Msg from User: sdfsdf
[INFO](4/2/2023@20:43:59) Msg from Bot: Perhaps if you asked in code, Holmes, I might have better luck understanding.
[INFO](4/2/2023@20:43:59) Msg from User: sdfdsf
[INFO](4/2/2023@20:43:59) Msg from Bot: I'll do my best, Holmes, but I'm still learning.
[INFO](4/2/2023@20:43:59) Msg from User: start
[INFO](4/2/2023@20:43:59) Msg from Bot: Sherlock, we've been waiting for you! Old Macdonald's wife has gone missing and we need your help to find her. He believes that the animals on his farm may have some information about her whereabouts. We have reason to believe that she left the farm in the early morning, and no one has seen her since.
[INFO](4/2/2023@20:43:59) Msg from User: start
[INFO](4/2/2023@20:43:59) Msg from Bot: Sherlock, we've been waiting for you! Old Macdonald's wife has gone missing and we need your help to find her. He believes that the animals on his farm may have some information about her whereabouts. We have reason to believe that she left the farm in the early morning, and no one has seen her since.
[INFO](4/2/2023@20:43:59) Msg from User: start
[INFO](4/2/2023@20:43:59) Msg from Bot: Sherlock, we've been waiting for you! Old Macdonald's wife has gone missing and we need your help to find her. He believes that the animals on his farm may have some information about her whereabouts. We have reason to believe that she left the farm in the early morning, and no one has seen her since.
[INFO](4/2/2023@20:43:59) Msg from User: start
[INFO](4/2/2023@20:43:59) Msg from Bot: Sherlock, we've been waiting for you! Old Macdonald's wife has gone missing and we need your help to find her. He believes that the animals on his farm may have some information about her whereabouts. We have reason to believe that she left the farm in the early morning, and no one has seen her since.
[INFO](4/2/2023@20:43:59) Msg from User: start
[INFO](4/2/2023@20:43:59) Msg from Bot: Sherlock, we've been waiting for you! Old Macdonald's wife has gone missing and we need your help to find her. He believes that the animals on his farm may have some information about her whereabouts. We have reason to believe that she left the farm in the early morning, and no one has seen her since.
[INFO](4/2/2023@20:43:59) Msg from User: start
[INFO](4/2/2023@20:43:59) Msg from Bot: Sherlock, we've been waiting for you! Old Macdonald's wife has gone missing and we need your help to find her. He believes that the animals on his farm may have some information about her whereabouts. We have reason to believe that she left the farm in the early morning, and no one has seen her since.
[INFO](4/2/2023@20:43:59) Msg from User: start
[INFO](4/2/2023@20:43:59) Msg from Bot: Sherlock, we've been waiting for you! Old Macdonald's wife has gone missing and we need your help to find her. He believes that the animals on his farm may have some information about her whereabouts. We have reason to believe that she left the farm in the early morning, and no one has seen her since.
[INFO](4/2/2023@20:43:59) Msg from User: start
[INFO](4/2/2023@20:43:59) Msg from Bot: Sherlock, we've been waiting for you! Old Macdonald's wife has gone missing and we need your help to find her. He believes that the animals on his farm may have some information about her whereabouts. We have reason to believe that she left the farm in the early morning, and no one has seen her since.
[INFO](4/2/2023@20:43:59) Msg from User: start
[INFO](4/2/2023@20:43:59) Msg from Bot: Sherlock, we've been waiting for you! Old Macdonald's wife has gone missing and we need your help to find her. He believes that the animals on his farm may have some information about her whereabouts. We have reason to believe that she left the farm in the early morning, and no one has seen her since.
[INFO](4/2/2023@20:43:59) Msg from User: start
[INFO](4/2/2023@20:43:59) Msg from Bot: Sherlock, we've been waiting for you! Old Macdonald's wife has gone missing and we need your help to find her. He believes that the animals on his farm may have some information about her whereabouts. We have reason to believe that she left the farm in the early morning, and no one has seen her since.
[INFO](4/2/2023@20:43:59) Msg from User: dfgdfg
[INFO](4/2/2023@20:43:59) Msg from Bot: I seem to be having a bit of trouble with that one, Sherlock. Perhaps you could try rephrasing?
[INFO](4/2/2023@20:43:59) Msg from User: start
[INFO](4/2/2023@20:43:59) Msg from Bot: Sherlock, we've been waiting for you! Old Macdonald's wife has gone missing and we need your help to find her. He believes that the animals on his farm may have some information about her whereabouts. We have reason to believe that she left the farm in the early morning, and no one has seen her since.
